<?xml version="1.0" encoding="UTF-8"?>
<testng-results ignored="5" total="6" passed="1" failed="0" skipped="0">
  <reporter-output>
  </reporter-output>
  <suite started-at="2022-11-11T08:03:18 IST" name="Default suite" finished-at="2022-11-11T08:03:38 IST" duration-ms="20023">
    <groups>
    </groups>
    <test started-at="2022-11-11T08:03:18 IST" name="Default test" finished-at="2022-11-11T08:03:38 IST" duration-ms="20023">
      <class name="com.sgtesting.testngsenerio.LoginLogoutDemo">
        <test-method signature="launchBrowser()[pri:1, instance:com.sgtesting.testngsenerio.LoginLogoutDemo@26e356f0]" started-at="2022-11-11T08:03:18 IST" name="launchBrowser" finished-at="2022-11-11T08:03:38 IST" duration-ms="19898" status="PASS">
          <reporter-output>
          </reporter-output>
        </test-method> <!-- launchBrowser -->
      </class> <!-- com.sgtesting.testngsenerio.LoginLogoutDemo -->
    </test> <!-- Default test -->
  </suite> <!-- Default suite -->
</testng-results>
