<?xml version="1.0" encoding="UTF-8"?>
<testng-results ignored="0" total="48" passed="48" failed="0" skipped="0">
  <reporter-output>
  </reporter-output>
  <suite started-at="2022-11-11T23:07:39 IST" name="testcases" finished-at="2022-11-11T23:14:35 IST" duration-ms="415894">
    <groups>
    </groups>
    <test started-at="2022-11-11T23:07:39 IST" name="Users" finished-at="2022-11-11T23:14:35 IST" duration-ms="415894">
      <class name="com.sgtesting.tests.testcases.Problem1">
        <test-method signature="launchBrowser()[pri:1, instance:com.sgtesting.tests.testcases.Problem1@4b45a2f5]" started-at="2022-11-11T23:07:39 IST" name="launchBrowser" finished-at="2022-11-11T23:08:01 IST" duration-ms="21842" status="PASS">
          <reporter-output>
          </reporter-output>
        </test-method> <!-- launchBrowser -->
        <test-method signature="navigate()[pri:2, instance:com.sgtesting.tests.testcases.Problem1@4b45a2f5]" started-at="2022-11-11T23:08:01 IST" name="navigate" finished-at="2022-11-11T23:08:23 IST" duration-ms="21623" status="PASS">
          <reporter-output>
          </reporter-output>
        </test-method> <!-- navigate -->
        <test-method signature="login(java.lang.String,java.lang.String)[pri:3, instance:com.sgtesting.tests.testcases.Problem1@4b45a2f5]" started-at="2022-11-11T23:08:23 IST" name="login" data-provider="login" finished-at="2022-11-11T23:08:39 IST" duration-ms="15647" status="PASS">
          <params>
            <param index="0">
              <value>
                <![CDATA[admin]]>
              </value>
            </param>
            <param index="1">
              <value>
                <![CDATA[manager]]>
              </value>
            </param>
          </params>
          <reporter-output>
          </reporter-output>
        </test-method> <!-- login -->
        <test-method signature="minfly()[pri:4, instance:com.sgtesting.tests.testcases.Problem1@4b45a2f5]" started-at="2022-11-11T23:08:39 IST" name="minfly" finished-at="2022-11-11T23:08:41 IST" duration-ms="2231" status="PASS">
          <reporter-output>
          </reporter-output>
        </test-method> <!-- minfly -->
        <test-method signature="createdata()[pri:5, instance:com.sgtesting.tests.testcases.Problem1@4b45a2f5]" started-at="2022-11-11T23:08:41 IST" name="createdata" finished-at="2022-11-11T23:09:16 IST" duration-ms="35131" status="PASS">
          <reporter-output>
          </reporter-output>
        </test-method> <!-- createdata -->
        <test-method signature="deletuser()[pri:6, instance:com.sgtesting.tests.testcases.Problem1@4b45a2f5]" started-at="2022-11-11T23:09:16 IST" name="deletuser" finished-at="2022-11-11T23:09:16 IST" duration-ms="39" status="PASS">
          <reporter-output>
          </reporter-output>
        </test-method> <!-- deletuser -->
        <test-method signature="logout()[pri:7, instance:com.sgtesting.tests.testcases.Problem1@4b45a2f5]" started-at="2022-11-11T23:09:16 IST" name="logout" finished-at="2022-11-11T23:09:17 IST" duration-ms="1312" status="PASS">
          <reporter-output>
          </reporter-output>
        </test-method> <!-- logout -->
        <test-method signature="closeApp()[pri:8, instance:com.sgtesting.tests.testcases.Problem1@4b45a2f5]" started-at="2022-11-11T23:09:17 IST" name="closeApp" finished-at="2022-11-11T23:09:21 IST" duration-ms="3653" status="PASS">
          <reporter-output>
          </reporter-output>
        </test-method> <!-- closeApp -->
      </class> <!-- com.sgtesting.tests.testcases.Problem1 -->
      <class name="com.sgtesting.tests.testcases.Problem5">
        <test-method signature="LaunchBrowser()[pri:1, instance:com.sgtesting.tests.testcases.Problem5@41a0aa7d]" started-at="2022-11-11T23:12:14 IST" name="LaunchBrowser" finished-at="2022-11-11T23:12:41 IST" duration-ms="27120" status="PASS">
          <reporter-output>
          </reporter-output>
        </test-method> <!-- LaunchBrowser -->
        <test-method signature="navigate()[pri:2, instance:com.sgtesting.tests.testcases.Problem5@41a0aa7d]" started-at="2022-11-11T23:12:41 IST" name="navigate" finished-at="2022-11-11T23:12:51 IST" duration-ms="10053" status="PASS">
          <reporter-output>
          </reporter-output>
        </test-method> <!-- navigate -->
        <test-method signature="login(java.lang.String,java.lang.String)[pri:3, instance:com.sgtesting.tests.testcases.Problem5@41a0aa7d]" started-at="2022-11-11T23:12:51 IST" name="login" data-provider="login" finished-at="2022-11-11T23:12:58 IST" duration-ms="6853" status="PASS">
          <params>
            <param index="0">
              <value>
                <![CDATA[admin]]>
              </value>
            </param>
            <param index="1">
              <value>
                <![CDATA[manager]]>
              </value>
            </param>
          </params>
          <reporter-output>
          </reporter-output>
        </test-method> <!-- login -->
        <test-method signature="minimizeFlyoutwindow()[pri:4, instance:com.sgtesting.tests.testcases.Problem5@41a0aa7d]" started-at="2022-11-11T23:12:58 IST" name="minimizeFlyoutwindow" finished-at="2022-11-11T23:13:01 IST" duration-ms="2482" status="PASS">
          <reporter-output>
          </reporter-output>
        </test-method> <!-- minimizeFlyoutwindow -->
        <test-method signature="createCustomer()[pri:5, instance:com.sgtesting.tests.testcases.Problem5@41a0aa7d]" started-at="2022-11-11T23:13:01 IST" name="createCustomer" finished-at="2022-11-11T23:13:14 IST" duration-ms="13619" status="PASS">
          <reporter-output>
          </reporter-output>
        </test-method> <!-- createCustomer -->
        <test-method signature="modifyCustomer()[pri:6, instance:com.sgtesting.tests.testcases.Problem5@41a0aa7d]" started-at="2022-11-11T23:13:14 IST" name="modifyCustomer" finished-at="2022-11-11T23:13:25 IST" duration-ms="10425" status="PASS">
          <reporter-output>
          </reporter-output>
        </test-method> <!-- modifyCustomer -->
        <test-method signature="deleteCustomer()[pri:7, instance:com.sgtesting.tests.testcases.Problem5@41a0aa7d]" started-at="2022-11-11T23:13:25 IST" name="deleteCustomer" finished-at="2022-11-11T23:13:41 IST" duration-ms="16536" status="PASS">
          <reporter-output>
          </reporter-output>
        </test-method> <!-- deleteCustomer -->
        <test-method signature="logout()[pri:8, instance:com.sgtesting.tests.testcases.Problem5@41a0aa7d]" started-at="2022-11-11T23:13:41 IST" name="logout" finished-at="2022-11-11T23:13:44 IST" duration-ms="2514" status="PASS">
          <reporter-output>
          </reporter-output>
        </test-method> <!-- logout -->
        <test-method signature="closeApp()[pri:9, instance:com.sgtesting.tests.testcases.Problem5@41a0aa7d]" started-at="2022-11-11T23:13:44 IST" name="closeApp" finished-at="2022-11-11T23:13:45 IST" duration-ms="844" status="PASS">
          <reporter-output>
          </reporter-output>
        </test-method> <!-- closeApp -->
      </class> <!-- com.sgtesting.tests.testcases.Problem5 -->
      <class name="com.sgtesting.tests.testcases.Problem4">
        <test-method signature="launchBrowser()[pri:1, instance:com.sgtesting.tests.testcases.Problem4@e350b40]" started-at="2022-11-11T23:10:53 IST" name="launchBrowser" finished-at="2022-11-11T23:10:59 IST" duration-ms="6406" status="PASS">
          <reporter-output>
          </reporter-output>
        </test-method> <!-- launchBrowser -->
        <test-method signature="navigate()[pri:2, instance:com.sgtesting.tests.testcases.Problem4@e350b40]" started-at="2022-11-11T23:10:59 IST" name="navigate" finished-at="2022-11-11T23:11:18 IST" duration-ms="18700" status="PASS">
          <reporter-output>
          </reporter-output>
        </test-method> <!-- navigate -->
        <test-method signature="login(java.lang.String,java.lang.String)[pri:3, instance:com.sgtesting.tests.testcases.Problem4@e350b40]" started-at="2022-11-11T23:11:18 IST" name="login" data-provider="login" finished-at="2022-11-11T23:11:27 IST" duration-ms="8761" status="PASS">
          <params>
            <param index="0">
              <value>
                <![CDATA[admin]]>
              </value>
            </param>
            <param index="1">
              <value>
                <![CDATA[manager]]>
              </value>
            </param>
          </params>
          <reporter-output>
          </reporter-output>
        </test-method> <!-- login -->
        <test-method signature="minfly()[pri:4, instance:com.sgtesting.tests.testcases.Problem4@e350b40]" started-at="2022-11-11T23:11:27 IST" name="minfly" finished-at="2022-11-11T23:11:30 IST" duration-ms="3336" status="PASS">
          <reporter-output>
          </reporter-output>
        </test-method> <!-- minfly -->
        <test-method signature="Task()[pri:5, instance:com.sgtesting.tests.testcases.Problem4@e350b40]" started-at="2022-11-11T23:11:30 IST" name="Task" finished-at="2022-11-11T23:11:38 IST" duration-ms="7536" status="PASS">
          <reporter-output>
          </reporter-output>
        </test-method> <!-- Task -->
        <test-method signature="Addnew(java.lang.String)[pri:6, instance:com.sgtesting.tests.testcases.Problem4@e350b40]" started-at="2022-11-11T23:11:38 IST" name="Addnew" data-provider="customer" finished-at="2022-11-11T23:11:52 IST" duration-ms="14587" status="PASS">
          <params>
            <param index="0">
              <value>
                <![CDATA[sac]]>
              </value>
            </param>
          </params>
          <reporter-output>
          </reporter-output>
        </test-method> <!-- Addnew -->
        <test-method signature="deletec()[pri:7, instance:com.sgtesting.tests.testcases.Problem4@e350b40]" started-at="2022-11-11T23:11:52 IST" name="deletec" finished-at="2022-11-11T23:12:05 IST" duration-ms="12421" status="PASS">
          <reporter-output>
          </reporter-output>
        </test-method> <!-- deletec -->
        <test-method signature="logout()[pri:8, instance:com.sgtesting.tests.testcases.Problem4@e350b40]" started-at="2022-11-11T23:12:05 IST" name="logout" finished-at="2022-11-11T23:12:10 IST" duration-ms="5089" status="PASS">
          <reporter-output>
          </reporter-output>
        </test-method> <!-- logout -->
        <test-method signature="closeApp()[pri:9, instance:com.sgtesting.tests.testcases.Problem4@e350b40]" started-at="2022-11-11T23:12:10 IST" name="closeApp" finished-at="2022-11-11T23:12:14 IST" duration-ms="4363" status="PASS">
          <reporter-output>
          </reporter-output>
        </test-method> <!-- closeApp -->
      </class> <!-- com.sgtesting.tests.testcases.Problem4 -->
      <class name="com.sgtesting.tests.testcases.Problem2">
        <test-method signature="launchBrowser()[pri:1, instance:com.sgtesting.tests.testcases.Problem2@f09733f]" started-at="2022-11-11T23:09:21 IST" name="launchBrowser" finished-at="2022-11-11T23:09:29 IST" duration-ms="8100" status="PASS">
          <reporter-output>
          </reporter-output>
        </test-method> <!-- launchBrowser -->
        <test-method signature="navigate()[pri:2, instance:com.sgtesting.tests.testcases.Problem2@f09733f]" started-at="2022-11-11T23:09:29 IST" name="navigate" finished-at="2022-11-11T23:09:42 IST" duration-ms="12786" status="PASS">
          <reporter-output>
          </reporter-output>
        </test-method> <!-- navigate -->
        <test-method signature="login(java.lang.String,java.lang.String)[pri:3, instance:com.sgtesting.tests.testcases.Problem2@f09733f]" started-at="2022-11-11T23:09:42 IST" name="login" data-provider="login" finished-at="2022-11-11T23:09:53 IST" duration-ms="10918" status="PASS">
          <params>
            <param index="0">
              <value>
                <![CDATA[admin]]>
              </value>
            </param>
            <param index="1">
              <value>
                <![CDATA[manager]]>
              </value>
            </param>
          </params>
          <reporter-output>
          </reporter-output>
        </test-method> <!-- login -->
        <test-method signature="minfly()[pri:4, instance:com.sgtesting.tests.testcases.Problem2@f09733f]" started-at="2022-11-11T23:09:53 IST" name="minfly" finished-at="2022-11-11T23:09:55 IST" duration-ms="2181" status="PASS">
          <reporter-output>
          </reporter-output>
        </test-method> <!-- minfly -->
        <test-method signature="createdata()[pri:5, instance:com.sgtesting.tests.testcases.Problem2@f09733f]" started-at="2022-11-11T23:09:55 IST" name="createdata" finished-at="2022-11-11T23:10:32 IST" duration-ms="36479" status="PASS">
          <reporter-output>
          </reporter-output>
        </test-method> <!-- createdata -->
        <test-method signature="modify()[pri:6, instance:com.sgtesting.tests.testcases.Problem2@f09733f]" started-at="2022-11-11T23:10:32 IST" name="modify" finished-at="2022-11-11T23:10:44 IST" duration-ms="12337" status="PASS">
          <reporter-output>
          </reporter-output>
        </test-method> <!-- modify -->
        <test-method signature="deletuser()[pri:7, instance:com.sgtesting.tests.testcases.Problem2@f09733f]" started-at="2022-11-11T23:10:44 IST" name="deletuser" finished-at="2022-11-11T23:10:46 IST" duration-ms="2339" status="PASS">
          <reporter-output>
          </reporter-output>
        </test-method> <!-- deletuser -->
        <test-method signature="logout()[pri:8, instance:com.sgtesting.tests.testcases.Problem2@f09733f]" started-at="2022-11-11T23:10:46 IST" name="logout" finished-at="2022-11-11T23:10:50 IST" duration-ms="3457" status="PASS">
          <reporter-output>
          </reporter-output>
        </test-method> <!-- logout -->
        <test-method signature="closeApp()[pri:9, instance:com.sgtesting.tests.testcases.Problem2@f09733f]" started-at="2022-11-11T23:10:50 IST" name="closeApp" finished-at="2022-11-11T23:10:53 IST" duration-ms="3219" status="PASS">
          <reporter-output>
          </reporter-output>
        </test-method> <!-- closeApp -->
      </class> <!-- com.sgtesting.tests.testcases.Problem2 -->
      <class name="com.sgtesting.tests.testcases.Problem6">
        <test-method signature="launchBrowser()[pri:1, instance:com.sgtesting.tests.testcases.Problem6@2794eab6]" started-at="2022-11-11T23:13:45 IST" name="launchBrowser" finished-at="2022-11-11T23:13:50 IST" duration-ms="5353" status="PASS">
          <reporter-output>
          </reporter-output>
        </test-method> <!-- launchBrowser -->
        <test-method signature="navigate()[pri:2, instance:com.sgtesting.tests.testcases.Problem6@2794eab6]" started-at="2022-11-11T23:13:50 IST" name="navigate" finished-at="2022-11-11T23:13:57 IST" duration-ms="7433" status="PASS">
          <reporter-output>
          </reporter-output>
        </test-method> <!-- navigate -->
        <test-method signature="login(java.lang.String,java.lang.String)[pri:3, instance:com.sgtesting.tests.testcases.Problem6@2794eab6]" started-at="2022-11-11T23:13:57 IST" name="login" data-provider="login" finished-at="2022-11-11T23:14:00 IST" duration-ms="2334" status="PASS">
          <params>
            <param index="0">
              <value>
                <![CDATA[admin]]>
              </value>
            </param>
            <param index="1">
              <value>
                <![CDATA[manager]]>
              </value>
            </param>
          </params>
          <reporter-output>
          </reporter-output>
        </test-method> <!-- login -->
        <test-method signature="minimizeFlyOutWindow()[pri:4, instance:com.sgtesting.tests.testcases.Problem6@2794eab6]" started-at="2022-11-11T23:14:00 IST" name="minimizeFlyOutWindow" finished-at="2022-11-11T23:14:02 IST" duration-ms="2102" status="PASS">
          <reporter-output>
          </reporter-output>
        </test-method> <!-- minimizeFlyOutWindow -->
        <test-method signature="createCustomer(java.lang.String)[pri:5, instance:com.sgtesting.tests.testcases.Problem6@2794eab6]" started-at="2022-11-11T23:14:02 IST" name="createCustomer" data-provider="createCustomer" finished-at="2022-11-11T23:14:14 IST" duration-ms="11755" status="PASS">
          <params>
            <param index="0">
              <value>
                <![CDATA[Sam]]>
              </value>
            </param>
          </params>
          <reporter-output>
          </reporter-output>
        </test-method> <!-- createCustomer -->
        <test-method signature="createProject(java.lang.String,java.lang.String)[pri:6, instance:com.sgtesting.tests.testcases.Problem6@2794eab6]" started-at="2022-11-11T23:14:14 IST" name="createProject" data-provider="createProject" finished-at="2022-11-11T23:14:22 IST" duration-ms="8803" status="PASS">
          <params>
            <param index="0">
              <value>
                <![CDATA[ProjectNew]]>
              </value>
            </param>
            <param index="1">
              <value>
                <![CDATA[JavaProject]]>
              </value>
            </param>
          </params>
          <reporter-output>
          </reporter-output>
        </test-method> <!-- createProject -->
        <test-method signature="deleteProject()[pri:7, instance:com.sgtesting.tests.testcases.Problem6@2794eab6]" started-at="2022-11-11T23:14:22 IST" name="deleteProject" finished-at="2022-11-11T23:14:26 IST" duration-ms="3216" status="PASS">
          <reporter-output>
          </reporter-output>
        </test-method> <!-- deleteProject -->
        <test-method signature="deleteCustomer()[pri:8, instance:com.sgtesting.tests.testcases.Problem6@2794eab6]" started-at="2022-11-11T23:14:26 IST" name="deleteCustomer" finished-at="2022-11-11T23:14:34 IST" duration-ms="8438" status="PASS">
          <reporter-output>
          </reporter-output>
        </test-method> <!-- deleteCustomer -->
        <test-method signature="logout()[pri:9, instance:com.sgtesting.tests.testcases.Problem6@2794eab6]" started-at="2022-11-11T23:14:34 IST" name="logout" finished-at="2022-11-11T23:14:35 IST" duration-ms="660" status="PASS">
          <reporter-output>
          </reporter-output>
        </test-method> <!-- logout -->
        <test-method signature="closeApplication()[pri:10, instance:com.sgtesting.tests.testcases.Problem6@2794eab6]" started-at="2022-11-11T23:14:35 IST" name="closeApplication" finished-at="2022-11-11T23:14:35 IST" duration-ms="410" status="PASS">
          <reporter-output>
          </reporter-output>
        </test-method> <!-- closeApplication -->
      </class> <!-- com.sgtesting.tests.testcases.Problem6 -->
      <class name="com.sgtesting.tests.testcases.Users">
        <test-method is-config="true" signature="setUp()[pri:0, instance:com.sgtesting.tests.testcases.Users@5677323c]" started-at="2022-11-11T23:07:39 IST" name="setUp" finished-at="2022-11-11T23:07:39 IST" duration-ms="28" status="PASS">
          <reporter-output>
          </reporter-output>
        </test-method> <!-- setUp -->
        <test-method signature="createUser()[pri:0, instance:com.sgtesting.tests.testcases.Users@5677323c]" started-at="2022-11-11T23:07:39 IST" name="createUser" finished-at="2022-11-11T23:07:39 IST" duration-ms="18" status="PASS">
          <reporter-output>
          </reporter-output>
        </test-method> <!-- createUser -->
        <test-method signature="deleteUser()[pri:0, instance:com.sgtesting.tests.testcases.Users@5677323c]" started-at="2022-11-11T23:07:39 IST" name="deleteUser" finished-at="2022-11-11T23:07:39 IST" duration-ms="3" status="PASS">
          <reporter-output>
          </reporter-output>
        </test-method> <!-- deleteUser -->
        <test-method signature="modifyUser()[pri:0, instance:com.sgtesting.tests.testcases.Users@5677323c]" started-at="2022-11-11T23:07:39 IST" name="modifyUser" finished-at="2022-11-11T23:07:39 IST" duration-ms="4" status="PASS">
          <reporter-output>
          </reporter-output>
        </test-method> <!-- modifyUser -->
        <test-method is-config="true" signature="tearDown()[pri:0, instance:com.sgtesting.tests.testcases.Users@5677323c]" started-at="2022-11-11T23:07:39 IST" name="tearDown" finished-at="2022-11-11T23:07:39 IST" duration-ms="3" status="PASS">
          <reporter-output>
          </reporter-output>
        </test-method> <!-- tearDown -->
      </class> <!-- com.sgtesting.tests.testcases.Users -->
    </test> <!-- Users -->
  </suite> <!-- testcases -->
</testng-results>
