<?xml version="1.0" encoding="UTF-8"?>
<!-- Generated by org.testng.reporters.JUnitXMLReporter -->
<testsuite ignored="0" hostname="DESKTOP-DHHGNN6" failures="0" tests="10" name="Default test" time="132.653" errors="0" timestamp="2022-11-10T22:42:29 IST">
  <testcase classname="com.sgtesting.testngsenerio.Problem6" name="launchBrowser" time="47.794"/>
  <testcase classname="com.sgtesting.testngsenerio.Problem6" name="navigate" time="25.099"/>
  <testcase classname="com.sgtesting.testngsenerio.Problem6" name="login" time="13.548"/>
  <testcase classname="com.sgtesting.testngsenerio.Problem6" name="minimizeFlyOutWindow" time="2.362"/>
  <testcase classname="com.sgtesting.testngsenerio.Problem6" name="createCustomer" time="14.908"/>
  <testcase classname="com.sgtesting.testngsenerio.Problem6" name="createProject" time="8.513"/>
  <testcase classname="com.sgtesting.testngsenerio.Problem6" name="deleteProject" time="7.615"/>
  <testcase classname="com.sgtesting.testngsenerio.Problem6" name="deleteCustomer" time="8.462"/>
  <testcase classname="com.sgtesting.testngsenerio.Problem6" name="logout" time="1.149"/>
  <testcase classname="com.sgtesting.testngsenerio.Problem6" name="closeApplication" time="3.069"/>
</testsuite> <!-- Default test -->
