<?xml version="1.0" encoding="UTF-8"?>
<!-- Generated by org.testng.reporters.JUnitXMLReporter -->
<testsuite ignored="0" hostname="DESKTOP-DHHGNN6" failures="0" tests="8" name="create username" time="48.985" errors="0" timestamp="2022-11-10T12:27:32 IST">
  <testcase classname="com.sgtesting.testngsenerio.Problem1" name="launchBrowser" time="8.313"/>
  <testcase classname="com.sgtesting.testngsenerio.Problem1" name="navigate" time="4.966"/>
  <testcase classname="com.sgtesting.testngsenerio.Problem1" name="login" time="8.434"/>
  <testcase classname="com.sgtesting.testngsenerio.Problem1" name="minfly" time="2.12"/>
  <testcase classname="com.sgtesting.testngsenerio.Problem1" name="createdata" time="10.122"/>
  <testcase classname="com.sgtesting.testngsenerio.Problem1" name="deletuser" time="10.348"/>
  <testcase classname="com.sgtesting.testngsenerio.Problem1" name="logout" time="2.568"/>
  <testcase classname="com.sgtesting.testngsenerio.Problem1" name="closeApp" time="1.965"/>
</testsuite> <!-- create username -->
