<?xml version="1.0" encoding="UTF-8"?>
<!-- Generated by org.testng.reporters.JUnitXMLReporter -->
<testsuite ignored="0" hostname="DESKTOP-DHHGNN6" failures="0" tests="51" name="acti" time="327.22" errors="0" timestamp="2022-11-10T21:55:26 IST">
  <testcase classname="com.sgtesting.testngsenerio.LoginLogoutDemo" name="launchBrowser" time="8.875"/>
  <testcase classname="com.sgtesting.testngsenerio.LoginLogoutDemo" name="navigate" time="8.156"/>
  <testcase classname="com.sgtesting.testngsenerio.LoginLogoutDemo" name="login" time="5.384"/>
  <testcase classname="com.sgtesting.testngsenerio.LoginLogoutDemo" name="minimizeFlyOutwindow" time="3.126"/>
  <testcase classname="com.sgtesting.testngsenerio.LoginLogoutDemo" name="logout" time="2.549"/>
  <testcase classname="com.sgtesting.testngsenerio.LoginLogoutDemo" name="closeApp" time="1.207"/>
  <testcase classname="com.sgtesting.testngsenerio.Problem1" name="launchBrowser" time="11.826"/>
  <testcase classname="com.sgtesting.testngsenerio.Problem1" name="navigate" time="9.817"/>
  <testcase classname="com.sgtesting.testngsenerio.Problem1" name="login" time="9.766"/>
  <testcase classname="com.sgtesting.testngsenerio.Problem1" name="minfly" time="2.211"/>
  <testcase classname="com.sgtesting.testngsenerio.Problem1" name="createdata" time="11.087"/>
  <testcase classname="com.sgtesting.testngsenerio.Problem1" name="deletuser" time="10.898"/>
  <testcase classname="com.sgtesting.testngsenerio.Problem1" name="logout" time="2.465"/>
  <testcase classname="com.sgtesting.testngsenerio.Problem1" name="closeApp" time="0.638"/>
  <testcase classname="com.sgtesting.testngsenerio.Problem2" name="launchBrowser" time="5.938"/>
  <testcase classname="com.sgtesting.testngsenerio.Problem2" name="navigate" time="7.807"/>
  <testcase classname="com.sgtesting.testngsenerio.Problem2" name="login" time="8.37"/>
  <testcase classname="com.sgtesting.testngsenerio.Problem2" name="minfly" time="2.122"/>
  <testcase classname="com.sgtesting.testngsenerio.Problem2" name="createdata" time="9.001"/>
  <testcase classname="com.sgtesting.testngsenerio.Problem2" name="modify" time="9.514"/>
  <testcase classname="com.sgtesting.testngsenerio.Problem2" name="deletuser" time="10.851"/>
  <testcase classname="com.sgtesting.testngsenerio.Problem2" name="logout" time="4.607"/>
  <testcase classname="com.sgtesting.testngsenerio.Problem2" name="closeApp" time="0.684"/>
  <testcase classname="com.sgtesting.testngsenerio.Problem4" name="launchBrowser" time="5.174"/>
  <testcase classname="com.sgtesting.testngsenerio.Problem4" name="navigate" time="5.243"/>
  <testcase classname="com.sgtesting.testngsenerio.Problem4" name="login" time="8.355"/>
  <testcase classname="com.sgtesting.testngsenerio.Problem4" name="minfly" time="2.119"/>
  <testcase classname="com.sgtesting.testngsenerio.Problem4" name="Task" time="4.999"/>
  <testcase classname="com.sgtesting.testngsenerio.Problem4" name="Addnew" time="12.504"/>
  <testcase classname="com.sgtesting.testngsenerio.Problem4" name="deletec" time="12.376"/>
  <testcase classname="com.sgtesting.testngsenerio.Problem4" name="logout" time="4.83"/>
  <testcase classname="com.sgtesting.testngsenerio.Problem4" name="closeApp" time="0.472"/>
  <testcase classname="com.sgtesting.testngsenerio.Problem5" name="LaunchBrowser" time="5.683"/>
  <testcase classname="com.sgtesting.testngsenerio.Problem5" name="navigate" time="9.86"/>
  <testcase classname="com.sgtesting.testngsenerio.Problem5" name="login" time="5.345"/>
  <testcase classname="com.sgtesting.testngsenerio.Problem5" name="minimizeFlyoutwindow" time="2.195"/>
  <testcase classname="com.sgtesting.testngsenerio.Problem5" name="createCustomer" time="15.569"/>
  <testcase classname="com.sgtesting.testngsenerio.Problem5" name="modifyCustomer" time="10.38"/>
  <testcase classname="com.sgtesting.testngsenerio.Problem5" name="deleteCustomer" time="16.458"/>
  <testcase classname="com.sgtesting.testngsenerio.Problem5" name="logout" time="2.481"/>
  <testcase classname="com.sgtesting.testngsenerio.Problem5" name="closeApp" time="0.414"/>
  <testcase classname="com.sgtesting.testngsenerio.Problem6" name="launchBrowser" time="5.745"/>
  <testcase classname="com.sgtesting.testngsenerio.Problem6" name="navigate" time="7.411"/>
  <testcase classname="com.sgtesting.testngsenerio.Problem6" name="login" time="2.295"/>
  <testcase classname="com.sgtesting.testngsenerio.Problem6" name="minimizeFlyOutWindow" time="2.103"/>
  <testcase classname="com.sgtesting.testngsenerio.Problem6" name="createCustomer" time="12.446"/>
  <testcase classname="com.sgtesting.testngsenerio.Problem6" name="createProject" time="8.473"/>
  <testcase classname="com.sgtesting.testngsenerio.Problem6" name="deleteProject" time="7.315"/>
  <testcase classname="com.sgtesting.testngsenerio.Problem6" name="deleteCustomer" time="8.413"/>
  <testcase classname="com.sgtesting.testngsenerio.Problem6" name="logout" time="0.48"/>
  <testcase classname="com.sgtesting.testngsenerio.Problem6" name="closeApplication" time="0.961"/>
</testsuite> <!-- acti -->
