<?xml version="1.0" encoding="UTF-8"?>
<!-- Generated by org.testng.reporters.JUnitXMLReporter -->
<testsuite ignored="0" hostname="DESKTOP-DHHGNN6" failures="0" tests="10" name="new" time="64.65" errors="0" timestamp="2022-11-10T21:49:16 IST">
  <testcase classname="com.sgtesting.testngsenerio.Problem6" name="launchBrowser" time="12.071"/>
  <testcase classname="com.sgtesting.testngsenerio.Problem6" name="navigate" time="5.264"/>
  <testcase classname="com.sgtesting.testngsenerio.Problem6" name="login" time="6.6"/>
  <testcase classname="com.sgtesting.testngsenerio.Problem6" name="minimizeFlyOutWindow" time="2.415"/>
  <testcase classname="com.sgtesting.testngsenerio.Problem6" name="createCustomer" time="12.939"/>
  <testcase classname="com.sgtesting.testngsenerio.Problem6" name="createProject" time="8.509"/>
  <testcase classname="com.sgtesting.testngsenerio.Problem6" name="deleteProject" time="7.315"/>
  <testcase classname="com.sgtesting.testngsenerio.Problem6" name="deleteCustomer" time="8.348"/>
  <testcase classname="com.sgtesting.testngsenerio.Problem6" name="logout" time="0.439"/>
  <testcase classname="com.sgtesting.testngsenerio.Problem6" name="closeApplication" time="0.621"/>
</testsuite> <!-- new -->
