<?xml version="1.0" encoding="UTF-8"?>
<!-- Generated by org.testng.reporters.JUnitXMLReporter -->
<testsuite ignored="0" hostname="DESKTOP-DHHGNN6" failures="0" tests="9" name="loginmodify" time="105.44" errors="0" timestamp="2022-11-10T20:37:48 IST">
  <testcase classname="com.sgtesting.testngsenerio.Problem2" name="launchBrowser" time="34.014"/>
  <testcase classname="com.sgtesting.testngsenerio.Problem2" name="navigate" time="18.277"/>
  <testcase classname="com.sgtesting.testngsenerio.Problem2" name="login" time="11.533"/>
  <testcase classname="com.sgtesting.testngsenerio.Problem2" name="minfly" time="2.414"/>
  <testcase classname="com.sgtesting.testngsenerio.Problem2" name="createdata" time="12.458"/>
  <testcase classname="com.sgtesting.testngsenerio.Problem2" name="modify" time="9.515"/>
  <testcase classname="com.sgtesting.testngsenerio.Problem2" name="deletuser" time="11.591"/>
  <testcase classname="com.sgtesting.testngsenerio.Problem2" name="logout" time="4.848"/>
  <testcase classname="com.sgtesting.testngsenerio.Problem2" name="closeApp" time="0.68"/>
</testsuite> <!-- loginmodify -->
