<?xml version="1.0" encoding="UTF-8"?>
<!-- Generated by org.testng.reporters.JUnitXMLReporter -->
<testsuite ignored="0" hostname="DESKTOP-DHHGNN6" failures="0" tests="9" name="create newcusto" time="62.947" errors="0" timestamp="2022-11-10T20:43:44 IST">
  <testcase classname="com.sgtesting.testngsenerio.Problem4" name="launchBrowser" time="8.507"/>
  <testcase classname="com.sgtesting.testngsenerio.Problem4" name="navigate" time="4.833"/>
  <testcase classname="com.sgtesting.testngsenerio.Problem4" name="login" time="8.368"/>
  <testcase classname="com.sgtesting.testngsenerio.Problem4" name="minfly" time="2.129"/>
  <testcase classname="com.sgtesting.testngsenerio.Problem4" name="Task" time="8.081"/>
  <testcase classname="com.sgtesting.testngsenerio.Problem4" name="Addnew" time="12.947"/>
  <testcase classname="com.sgtesting.testngsenerio.Problem4" name="deletec" time="12.443"/>
  <testcase classname="com.sgtesting.testngsenerio.Problem4" name="logout" time="4.858"/>
  <testcase classname="com.sgtesting.testngsenerio.Problem4" name="closeApp" time="0.657"/>
</testsuite> <!-- create newcusto -->
