<?xml version="1.0" encoding="UTF-8"?>
<!-- Generated by org.testng.reporters.JUnitXMLReporter -->
<testsuite ignored="0" hostname="DESKTOP-DHHGNN6" failures="0" tests="3" name="Users" time="0.197" errors="0" timestamp="2022-11-10T09:32:46 IST">
  <testcase classname="com.sgtesting.tests.testcases.Users" name="createUser" time="0.012"/>
  <testcase classname="com.sgtesting.tests.testcases.Users" name="deleteUser" time="0.008"/>
  <testcase classname="com.sgtesting.tests.testcases.Users" name="modifyUser" time="0.002"/>
</testsuite> <!-- Users -->
