<?xml version="1.0" encoding="UTF-8"?>
<!-- Generated by org.testng.reporters.JUnitXMLReporter -->
<testsuite ignored="0" hostname="DESKTOP-DHHGNN6" failures="0" tests="48" name="Users" time="415.894" errors="0" timestamp="2022-11-11T23:14:35 IST">
  <testcase classname="com.sgtesting.tests.testcases.Users" name="createUser" time="0.018"/>
  <testcase classname="com.sgtesting.tests.testcases.Users" name="deleteUser" time="0.003"/>
  <testcase classname="com.sgtesting.tests.testcases.Users" name="modifyUser" time="0.004"/>
  <testcase classname="com.sgtesting.tests.testcases.Problem1" name="launchBrowser" time="21.842"/>
  <testcase classname="com.sgtesting.tests.testcases.Problem1" name="navigate" time="21.623"/>
  <testcase classname="com.sgtesting.tests.testcases.Problem1" name="login" time="15.647"/>
  <testcase classname="com.sgtesting.tests.testcases.Problem1" name="minfly" time="2.231"/>
  <testcase classname="com.sgtesting.tests.testcases.Problem1" name="createdata" time="35.131"/>
  <testcase classname="com.sgtesting.tests.testcases.Problem1" name="deletuser" time="0.039"/>
  <testcase classname="com.sgtesting.tests.testcases.Problem1" name="logout" time="1.312"/>
  <testcase classname="com.sgtesting.tests.testcases.Problem1" name="closeApp" time="3.653"/>
  <testcase classname="com.sgtesting.tests.testcases.Problem2" name="launchBrowser" time="8.1"/>
  <testcase classname="com.sgtesting.tests.testcases.Problem2" name="navigate" time="12.786"/>
  <testcase classname="com.sgtesting.tests.testcases.Problem2" name="login" time="10.918"/>
  <testcase classname="com.sgtesting.tests.testcases.Problem2" name="minfly" time="2.181"/>
  <testcase classname="com.sgtesting.tests.testcases.Problem2" name="createdata" time="36.479"/>
  <testcase classname="com.sgtesting.tests.testcases.Problem2" name="modify" time="12.337"/>
  <testcase classname="com.sgtesting.tests.testcases.Problem2" name="deletuser" time="2.339"/>
  <testcase classname="com.sgtesting.tests.testcases.Problem2" name="logout" time="3.457"/>
  <testcase classname="com.sgtesting.tests.testcases.Problem2" name="closeApp" time="3.219"/>
  <testcase classname="com.sgtesting.tests.testcases.Problem4" name="launchBrowser" time="6.406"/>
  <testcase classname="com.sgtesting.tests.testcases.Problem4" name="navigate" time="18.7"/>
  <testcase classname="com.sgtesting.tests.testcases.Problem4" name="login" time="8.761"/>
  <testcase classname="com.sgtesting.tests.testcases.Problem4" name="minfly" time="3.336"/>
  <testcase classname="com.sgtesting.tests.testcases.Problem4" name="Task" time="7.536"/>
  <testcase classname="com.sgtesting.tests.testcases.Problem4" name="Addnew" time="14.587"/>
  <testcase classname="com.sgtesting.tests.testcases.Problem4" name="deletec" time="12.421"/>
  <testcase classname="com.sgtesting.tests.testcases.Problem4" name="logout" time="5.089"/>
  <testcase classname="com.sgtesting.tests.testcases.Problem4" name="closeApp" time="4.363"/>
  <testcase classname="com.sgtesting.tests.testcases.Problem5" name="LaunchBrowser" time="27.12"/>
  <testcase classname="com.sgtesting.tests.testcases.Problem5" name="navigate" time="10.053"/>
  <testcase classname="com.sgtesting.tests.testcases.Problem5" name="login" time="6.853"/>
  <testcase classname="com.sgtesting.tests.testcases.Problem5" name="minimizeFlyoutwindow" time="2.482"/>
  <testcase classname="com.sgtesting.tests.testcases.Problem5" name="createCustomer" time="13.619"/>
  <testcase classname="com.sgtesting.tests.testcases.Problem5" name="modifyCustomer" time="10.425"/>
  <testcase classname="com.sgtesting.tests.testcases.Problem5" name="deleteCustomer" time="16.536"/>
  <testcase classname="com.sgtesting.tests.testcases.Problem5" name="logout" time="2.514"/>
  <testcase classname="com.sgtesting.tests.testcases.Problem5" name="closeApp" time="0.844"/>
  <testcase classname="com.sgtesting.tests.testcases.Problem6" name="launchBrowser" time="5.353"/>
  <testcase classname="com.sgtesting.tests.testcases.Problem6" name="navigate" time="7.433"/>
  <testcase classname="com.sgtesting.tests.testcases.Problem6" name="login" time="2.334"/>
  <testcase classname="com.sgtesting.tests.testcases.Problem6" name="minimizeFlyOutWindow" time="2.102"/>
  <testcase classname="com.sgtesting.tests.testcases.Problem6" name="createCustomer" time="11.755"/>
  <testcase classname="com.sgtesting.tests.testcases.Problem6" name="createProject" time="8.803"/>
  <testcase classname="com.sgtesting.tests.testcases.Problem6" name="deleteProject" time="3.216"/>
  <testcase classname="com.sgtesting.tests.testcases.Problem6" name="deleteCustomer" time="8.438"/>
  <testcase classname="com.sgtesting.tests.testcases.Problem6" name="logout" time="0.66"/>
  <testcase classname="com.sgtesting.tests.testcases.Problem6" name="closeApplication" time="0.41"/>
</testsuite> <!-- Users -->
