<?xml version="1.0" encoding="UTF-8"?>
<!-- Generated by org.testng.reporters.JUnitXMLReporter -->
<testsuite ignored="0" hostname="DESKTOP-DHHGNN6" failures="0" tests="9" name="modify custname" time="70.2" errors="0" timestamp="2022-11-10T20:47:34 IST">
  <testcase classname="com.sgtesting.testngsenerio.Problem5" name="LaunchBrowser" time="11.601"/>
  <testcase classname="com.sgtesting.testngsenerio.Problem5" name="navigate" time="8.288"/>
  <testcase classname="com.sgtesting.testngsenerio.Problem5" name="login" time="5.497"/>
  <testcase classname="com.sgtesting.testngsenerio.Problem5" name="minimizeFlyoutwindow" time="2.152"/>
  <testcase classname="com.sgtesting.testngsenerio.Problem5" name="createCustomer" time="12.645"/>
  <testcase classname="com.sgtesting.testngsenerio.Problem5" name="modifyCustomer" time="10.374"/>
  <testcase classname="com.sgtesting.testngsenerio.Problem5" name="deleteCustomer" time="16.454"/>
  <testcase classname="com.sgtesting.testngsenerio.Problem5" name="logout" time="2.48"/>
  <testcase classname="com.sgtesting.testngsenerio.Problem5" name="closeApp" time="0.582"/>
</testsuite> <!-- modify custname -->
