<?xml version="1.0" encoding="UTF-8"?>
<!-- Generated by org.testng.reporters.JUnitXMLReporter -->
<testsuite ignored="5" hostname="DESKTOP-DHHGNN6" failures="0" tests="1" name="Default test" time="20.023" errors="0" timestamp="2022-11-11T08:03:39 IST">
  <testcase classname="com.sgtesting.testngsenerio.LoginLogoutDemo" name="launchBrowser" time="19.898"/>
  <testcase classname="com.sgtesting.testngsenerio.LoginLogoutDemo" name="navigate" time="0.0">
    <ignored/>
  </testcase> <!-- navigate -->
  <testcase classname="com.sgtesting.testngsenerio.LoginLogoutDemo" name="minimizeFlyOutwindow" time="0.0">
    <ignored/>
  </testcase> <!-- minimizeFlyOutwindow -->
  <testcase classname="com.sgtesting.testngsenerio.LoginLogoutDemo" name="closeApp" time="0.0">
    <ignored/>
  </testcase> <!-- closeApp -->
  <testcase classname="com.sgtesting.testngsenerio.LoginLogoutDemo" name="logout" time="0.0">
    <ignored/>
  </testcase> <!-- logout -->
  <testcase classname="com.sgtesting.testngsenerio.LoginLogoutDemo" name="login" time="0.0">
    <ignored/>
  </testcase> <!-- login -->
</testsuite> <!-- Default test -->
