<?xml version="1.0" encoding="UTF-8"?>
<testng-results ignored="0" total="10" passed="10" failed="0" skipped="0">
  <reporter-output>
  </reporter-output>
  <suite started-at="2022-11-10T22:40:14 IST" name="Default suite" finished-at="2022-11-10T22:42:26 IST" duration-ms="132653">
    <groups>
    </groups>
    <test started-at="2022-11-10T22:40:14 IST" name="Default test" finished-at="2022-11-10T22:42:26 IST" duration-ms="132653">
      <class name="com.sgtesting.testngsenerio.Problem6">
        <test-method signature="launchBrowser()[pri:1, instance:com.sgtesting.testngsenerio.Problem6@71def8f8]" started-at="2022-11-10T22:40:14 IST" name="launchBrowser" finished-at="2022-11-10T22:41:01 IST" duration-ms="47794" status="PASS">
          <reporter-output>
          </reporter-output>
        </test-method> <!-- launchBrowser -->
        <test-method signature="navigate()[pri:2, instance:com.sgtesting.testngsenerio.Problem6@71def8f8]" started-at="2022-11-10T22:41:01 IST" name="navigate" finished-at="2022-11-10T22:41:27 IST" duration-ms="25099" status="PASS">
          <reporter-output>
          </reporter-output>
        </test-method> <!-- navigate -->
        <test-method signature="login(java.lang.String,java.lang.String)[pri:3, instance:com.sgtesting.testngsenerio.Problem6@71def8f8]" started-at="2022-11-10T22:41:27 IST" name="login" data-provider="login" finished-at="2022-11-10T22:41:40 IST" duration-ms="13548" status="PASS">
          <params>
            <param index="0">
              <value>
                <![CDATA[admin]]>
              </value>
            </param>
            <param index="1">
              <value>
                <![CDATA[manager]]>
              </value>
            </param>
          </params>
          <reporter-output>
          </reporter-output>
        </test-method> <!-- login -->
        <test-method signature="minimizeFlyOutWindow()[pri:4, instance:com.sgtesting.testngsenerio.Problem6@71def8f8]" started-at="2022-11-10T22:41:40 IST" name="minimizeFlyOutWindow" finished-at="2022-11-10T22:41:42 IST" duration-ms="2362" status="PASS">
          <reporter-output>
          </reporter-output>
        </test-method> <!-- minimizeFlyOutWindow -->
        <test-method signature="createCustomer(java.lang.String)[pri:5, instance:com.sgtesting.testngsenerio.Problem6@71def8f8]" started-at="2022-11-10T22:41:42 IST" name="createCustomer" data-provider="createCustomer" finished-at="2022-11-10T22:41:57 IST" duration-ms="14908" status="PASS">
          <params>
            <param index="0">
              <value>
                <![CDATA[Sam]]>
              </value>
            </param>
          </params>
          <reporter-output>
          </reporter-output>
        </test-method> <!-- createCustomer -->
        <test-method signature="createProject(java.lang.String,java.lang.String)[pri:6, instance:com.sgtesting.testngsenerio.Problem6@71def8f8]" started-at="2022-11-10T22:41:57 IST" name="createProject" data-provider="createProject" finished-at="2022-11-10T22:42:06 IST" duration-ms="8513" status="PASS">
          <params>
            <param index="0">
              <value>
                <![CDATA[ProjectNew]]>
              </value>
            </param>
            <param index="1">
              <value>
                <![CDATA[JavaProject]]>
              </value>
            </param>
          </params>
          <reporter-output>
          </reporter-output>
        </test-method> <!-- createProject -->
        <test-method signature="deleteProject()[pri:7, instance:com.sgtesting.testngsenerio.Problem6@71def8f8]" started-at="2022-11-10T22:42:06 IST" name="deleteProject" finished-at="2022-11-10T22:42:13 IST" duration-ms="7615" status="PASS">
          <reporter-output>
          </reporter-output>
        </test-method> <!-- deleteProject -->
        <test-method signature="deleteCustomer()[pri:8, instance:com.sgtesting.testngsenerio.Problem6@71def8f8]" started-at="2022-11-10T22:42:14 IST" name="deleteCustomer" finished-at="2022-11-10T22:42:22 IST" duration-ms="8462" status="PASS">
          <reporter-output>
          </reporter-output>
        </test-method> <!-- deleteCustomer -->
        <test-method signature="logout()[pri:9, instance:com.sgtesting.testngsenerio.Problem6@71def8f8]" started-at="2022-11-10T22:42:22 IST" name="logout" finished-at="2022-11-10T22:42:23 IST" duration-ms="1149" status="PASS">
          <reporter-output>
          </reporter-output>
        </test-method> <!-- logout -->
        <test-method signature="closeApplication()[pri:10, instance:com.sgtesting.testngsenerio.Problem6@71def8f8]" started-at="2022-11-10T22:42:23 IST" name="closeApplication" finished-at="2022-11-10T22:42:26 IST" duration-ms="3069" status="PASS">
          <reporter-output>
          </reporter-output>
        </test-method> <!-- closeApplication -->
      </class> <!-- com.sgtesting.testngsenerio.Problem6 -->
    </test> <!-- Default test -->
  </suite> <!-- Default suite -->
</testng-results>
