<?xml version="1.0" encoding="UTF-8"?>
<testng-results ignored="0" total="8" passed="8" failed="0" skipped="0">
  <reporter-output>
  </reporter-output>
  <suite started-at="2022-11-12T18:34:22 IST" name="Create" finished-at="2022-11-12T18:36:39 IST" duration-ms="136929">
    <groups>
    </groups>
    <test started-at="2022-11-12T18:34:22 IST" name="create username" finished-at="2022-11-12T18:36:39 IST" duration-ms="136929">
      <class name="com.sgtesting.testngsenerio.Problem1">
        <test-method signature="launchBrowser()[pri:1, instance:com.sgtesting.testngsenerio.Problem1@5b03b9fe]" started-at="2022-11-12T18:34:22 IST" name="launchBrowser" finished-at="2022-11-12T18:34:47 IST" duration-ms="24386" status="PASS">
          <reporter-output>
          </reporter-output>
        </test-method> <!-- launchBrowser -->
        <test-method signature="navigate()[pri:2, instance:com.sgtesting.testngsenerio.Problem1@5b03b9fe]" started-at="2022-11-12T18:34:47 IST" name="navigate" finished-at="2022-11-12T18:35:23 IST" duration-ms="35858" status="PASS">
          <reporter-output>
          </reporter-output>
        </test-method> <!-- navigate -->
        <test-method signature="login(java.lang.String,java.lang.String)[pri:3, instance:com.sgtesting.testngsenerio.Problem1@5b03b9fe]" started-at="2022-11-12T18:35:23 IST" name="login" data-provider="login" finished-at="2022-11-12T18:36:04 IST" duration-ms="41212" status="PASS">
          <params>
            <param index="0">
              <value>
                <![CDATA[admin]]>
              </value>
            </param>
            <param index="1">
              <value>
                <![CDATA[manager]]>
              </value>
            </param>
          </params>
          <reporter-output>
          </reporter-output>
        </test-method> <!-- login -->
        <test-method signature="minfly()[pri:4, instance:com.sgtesting.testngsenerio.Problem1@5b03b9fe]" started-at="2022-11-12T18:36:04 IST" name="minfly" finished-at="2022-11-12T18:36:06 IST" duration-ms="2208" status="PASS">
          <reporter-output>
          </reporter-output>
        </test-method> <!-- minfly -->
        <test-method signature="createdata()[pri:5, instance:com.sgtesting.testngsenerio.Problem1@5b03b9fe]" started-at="2022-11-12T18:36:06 IST" name="createdata" finished-at="2022-11-12T18:36:28 IST" duration-ms="21729" status="PASS">
          <reporter-output>
          </reporter-output>
        </test-method> <!-- createdata -->
        <test-method signature="deletuser()[pri:6, instance:com.sgtesting.testngsenerio.Problem1@5b03b9fe]" started-at="2022-11-12T18:36:28 IST" name="deletuser" finished-at="2022-11-12T18:36:29 IST" duration-ms="1642" status="PASS">
          <reporter-output>
          </reporter-output>
        </test-method> <!-- deletuser -->
        <test-method signature="logout()[pri:7, instance:com.sgtesting.testngsenerio.Problem1@5b03b9fe]" started-at="2022-11-12T18:36:29 IST" name="logout" finished-at="2022-11-12T18:36:34 IST" duration-ms="4480" status="PASS">
          <reporter-output>
          </reporter-output>
        </test-method> <!-- logout -->
        <test-method signature="closeApp()[pri:8, instance:com.sgtesting.testngsenerio.Problem1@5b03b9fe]" started-at="2022-11-12T18:36:34 IST" name="closeApp" finished-at="2022-11-12T18:36:39 IST" duration-ms="5265" status="PASS">
          <reporter-output>
          </reporter-output>
        </test-method> <!-- closeApp -->
      </class> <!-- com.sgtesting.testngsenerio.Problem1 -->
    </test> <!-- create username -->
  </suite> <!-- Create -->
</testng-results>
